2026-04-28 00:40:37 INFO [__main__:198] Blockchain initialized
2026-04-28 00:40:37 INFO [__main__:198] Blockchain initialized
2026-04-28 00:40:37 WARNING [werkzeug:187]  * Debugger is active!
2026-04-28 00:40:52 INFO [__main__:641] Wallet created: bae0c37f8c2d581a...
2026-04-28 20:22:28 INFO [__main__:178] Blockchain initialized
2026-04-28 20:22:29 INFO [__main__:178] Blockchain initialized
2026-04-28 20:22:29 WARNING [werkzeug:187]  * Debugger is active!
2026-04-28 20:22:41 INFO [__main__:502] Wallet created: a339f3711534c46c...
2026-04-28 20:23:14 INFO [__main__:502] Wallet created: 6cd752935396a85e...
2026-04-28 20:23:29 INFO [__main__:687] Message sent: a339f3711534c46c... -> 6cd752935396a85e...
2026-04-28 20:23:37 WARNING [root:111] Decryption failed: Invalid padding bytes.
2026-04-28 20:23:40 WARNING [root:111] Decryption failed: Invalid padding bytes.
2026-04-28 20:23:43 WARNING [root:111] Decryption failed: Invalid padding bytes.
2026-04-28 20:23:46 WARNING [root:111] Decryption failed: Invalid padding bytes.
2026-04-28 20:23:49 WARNING [root:111] Decryption failed: Invalid padding bytes.
2026-04-28 20:23:51 INFO [__main__:687] Message sent: 6cd752935396a85e... -> a339f3711534c46c...
2026-04-28 20:23:51 WARNING [root:111] Decryption failed: Invalid padding bytes.
2026-04-28 20:23:51 WARNING [root:111] Decryption failed: Invalid padding bytes.
2026-04-28 20:23:52 WARNING [root:111] Decryption failed: Invalid padding bytes.
2026-04-28 20:23:54 WARNING [root:111] Decryption failed: Invalid padding bytes.
2026-04-28 20:23:55 WARNING [root:111] Decryption failed: Invalid padding bytes.
2026-04-28 20:23:57 WARNING [root:111] Decryption failed: Invalid padding bytes.
2026-04-28 20:23:58 WARNING [root:111] Decryption failed: Invalid padding bytes.
2026-04-28 20:24:00 WARNING [root:111] Decryption failed: Invalid padding bytes.
2026-04-28 20:24:01 WARNING [root:111] Decryption failed: Invalid padding bytes.
2026-04-28 20:24:03 WARNING [root:111] Decryption failed: Invalid padding bytes.
2026-04-28 20:24:04 WARNING [root:111] Decryption failed: Invalid padding bytes.
2026-04-28 20:24:06 WARNING [root:111] Decryption failed: Invalid padding bytes.
2026-04-28 20:24:07 WARNING [root:111] Decryption failed: Invalid padding bytes.
2026-04-28 20:24:09 WARNING [root:111] Decryption failed: Invalid padding bytes.
2026-04-28 20:24:10 WARNING [root:111] Decryption failed: Invalid padding bytes.
2026-04-28 20:24:12 WARNING [root:111] Decryption failed: Invalid padding bytes.
2026-04-28 20:24:13 WARNING [root:111] Decryption failed: Invalid padding bytes.
2026-04-28 20:24:15 WARNING [root:111] Decryption failed: Invalid padding bytes.
2026-04-28 20:24:16 WARNING [root:111] Decryption failed: Invalid padding bytes.
2026-04-28 20:24:19 WARNING [root:111] Decryption failed: Invalid padding bytes.
2026-04-28 20:24:22 WARNING [root:111] Decryption failed: Invalid padding bytes.
2026-04-28 20:24:25 WARNING [root:111] Decryption failed: Invalid padding bytes.
2026-04-28 20:24:28 WARNING [root:111] Decryption failed: Invalid padding bytes.
2026-04-28 20:37:03 INFO [__main__:187] Genesis block created
2026-04-28 20:37:03 INFO [__main__:178] Blockchain initialized
2026-04-28 20:37:04 INFO [__main__:178] Blockchain initialized
2026-04-28 20:37:04 WARNING [werkzeug:187]  * Debugger is active!
2026-04-28 20:37:31 INFO [__main__:502] Wallet created: b34c371054a616a5...
2026-04-28 20:37:45 INFO [__main__:502] Wallet created: da0c8fb0253ba650...
2026-04-28 20:37:59 INFO [__main__:687] Message sent: b34c371054a616a5... -> da0c8fb0253ba650...
2026-04-28 20:38:03 WARNING [root:111] Decryption failed: Invalid padding bytes.
2026-04-28 20:38:06 WARNING [root:111] Decryption failed: Invalid padding bytes.
2026-04-28 20:38:09 WARNING [root:111] Decryption failed: Invalid padding bytes.
2026-04-28 20:38:12 WARNING [root:111] Decryption failed: Invalid padding bytes.
2026-04-28 20:38:15 WARNING [root:111] Decryption failed: Invalid padding bytes.
2026-04-28 20:38:18 WARNING [root:111] Decryption failed: Invalid padding bytes.
2026-04-28 20:38:21 WARNING [root:111] Decryption failed: Invalid padding bytes.
2026-04-28 20:38:24 WARNING [root:111] Decryption failed: Invalid padding bytes.
2026-04-28 20:38:27 WARNING [root:111] Decryption failed: Invalid padding bytes.
2026-04-28 20:38:30 WARNING [root:111] Decryption failed: Invalid padding bytes.
2026-04-28 20:38:33 WARNING [root:111] Decryption failed: Invalid padding bytes.
2026-04-28 20:38:36 WARNING [root:111] Decryption failed: Invalid padding bytes.
2026-04-28 20:38:39 WARNING [root:111] Decryption failed: Invalid padding bytes.
2026-04-28 20:38:42 WARNING [root:111] Decryption failed: Invalid padding bytes.
2026-04-28 20:38:45 WARNING [root:111] Decryption failed: Invalid padding bytes.
2026-04-28 20:38:45 INFO [__main__:687] Message sent: da0c8fb0253ba650... -> b34c371054a616a5...
2026-04-28 20:38:45 WARNING [root:111] Decryption failed: Invalid padding bytes.
2026-04-28 20:38:48 WARNING [root:111] Decryption failed: Invalid padding bytes.
2026-04-28 20:38:48 WARNING [root:111] Decryption failed: Invalid padding bytes.
2026-04-28 20:38:51 WARNING [root:111] Decryption failed: Invalid padding bytes.
2026-04-28 20:38:51 WARNING [root:111] Decryption failed: Invalid padding bytes.
2026-04-28 20:38:54 WARNING [root:111] Decryption failed: Invalid padding bytes.
2026-04-28 20:38:54 WARNING [root:111] Decryption failed: Invalid padding bytes.
2026-04-28 20:38:57 WARNING [root:111] Decryption failed: Invalid padding bytes.
2026-04-28 20:38:57 WARNING [root:111] Decryption failed: Invalid padding bytes.
2026-04-28 20:39:00 WARNING [root:111] Decryption failed: Invalid padding bytes.
2026-04-28 20:39:00 WARNING [root:111] Decryption failed: Invalid padding bytes.
2026-04-28 20:39:03 WARNING [root:111] Decryption failed: Invalid padding bytes.
2026-04-28 20:39:03 WARNING [root:111] Decryption failed: Invalid padding bytes.
2026-04-28 20:39:06 WARNING [root:111] Decryption failed: Invalid padding bytes.
2026-04-28 20:39:06 WARNING [root:111] Decryption failed: Invalid padding bytes.
2026-04-28 20:39:09 WARNING [root:111] Decryption failed: Invalid padding bytes.
2026-04-28 20:39:09 WARNING [root:111] Decryption failed: Invalid padding bytes.
2026-04-28 20:39:12 WARNING [root:111] Decryption failed: Invalid padding bytes.
2026-04-28 20:39:12 WARNING [root:111] Decryption failed: Invalid padding bytes.
2026-04-28 20:39:15 WARNING [root:111] Decryption failed: Invalid padding bytes.
2026-04-28 20:39:15 WARNING [root:111] Decryption failed: Invalid padding bytes.
2026-04-28 20:39:18 WARNING [root:111] Decryption failed: Invalid padding bytes.
2026-04-28 20:39:18 WARNING [root:111] Decryption failed: Invalid padding bytes.
2026-04-28 20:39:21 WARNING [root:111] Decryption failed: Invalid padding bytes.
2026-04-28 20:39:21 WARNING [root:111] Decryption failed: Invalid padding bytes.
2026-04-28 20:39:24 WARNING [root:111] Decryption failed: Invalid padding bytes.
2026-04-28 20:39:24 WARNING [root:111] Decryption failed: Invalid padding bytes.
2026-04-28 20:39:27 WARNING [root:111] Decryption failed: Invalid padding bytes.
2026-04-28 20:39:27 WARNING [root:111] Decryption failed: Invalid padding bytes.
2026-04-28 20:39:30 WARNING [root:111] Decryption failed: Invalid padding bytes.
2026-04-28 20:39:30 WARNING [root:111] Decryption failed: Invalid padding bytes.
2026-04-28 20:39:33 WARNING [root:111] Decryption failed: Invalid padding bytes.
2026-04-28 20:39:33 WARNING [root:111] Decryption failed: Invalid padding bytes.
2026-04-28 20:39:36 WARNING [root:111] Decryption failed: Invalid padding bytes.
2026-04-28 20:39:36 WARNING [root:111] Decryption failed: Invalid padding bytes.
2026-04-28 20:39:39 WARNING [root:111] Decryption failed: Invalid padding bytes.
2026-04-28 20:39:42 WARNING [root:111] Decryption failed: Invalid padding bytes.
2026-04-28 20:39:45 WARNING [root:111] Decryption failed: Invalid padding bytes.
2026-04-28 20:39:48 WARNING [root:111] Decryption failed: Invalid padding bytes.
2026-04-28 20:39:51 WARNING [root:111] Decryption failed: Invalid padding bytes.
2026-04-28 20:42:56 INFO [__main__:187] Genesis block created
2026-04-28 20:42:56 INFO [__main__:178] Blockchain initialized
2026-04-28 20:42:56 INFO [__main__:178] Blockchain initialized
2026-04-28 20:42:56 WARNING [werkzeug:187]  * Debugger is active!
2026-04-28 20:43:05 INFO [__main__:502] Wallet created: 3ad0c1f702be02a4...
2026-04-28 20:43:11 INFO [__main__:502] Wallet created: eb790d39a0f0e1ff...
2026-04-28 20:43:23 INFO [__main__:687] Message sent: 3ad0c1f702be02a4... -> eb790d39a0f0e1ff...
2026-04-28 20:43:29 WARNING [root:88] Decryption failed: Invalid padding bytes.
2026-04-28 20:43:32 WARNING [root:88] Decryption failed: Invalid padding bytes.
2026-04-28 20:43:35 WARNING [root:88] Decryption failed: Invalid padding bytes.
2026-04-28 20:43:38 WARNING [root:88] Decryption failed: Invalid padding bytes.
2026-04-28 20:43:41 WARNING [root:88] Decryption failed: Invalid padding bytes.
2026-04-28 20:43:44 WARNING [root:88] Decryption failed: Invalid padding bytes.
2026-04-28 20:43:47 WARNING [root:88] Decryption failed: Invalid padding bytes.
2026-04-28 20:43:50 WARNING [root:88] Decryption failed: Invalid padding bytes.
2026-04-28 20:43:53 WARNING [root:88] Decryption failed: Invalid padding bytes.
2026-04-28 20:43:56 WARNING [root:88] Decryption failed: Invalid padding bytes.
2026-04-28 20:43:59 WARNING [root:88] Decryption failed: Invalid padding bytes.
2026-04-28 20:44:02 WARNING [root:88] Decryption failed: Invalid padding bytes.
2026-04-28 20:44:05 WARNING [root:88] Decryption failed: Invalid padding bytes.
2026-04-28 20:44:08 WARNING [root:88] Decryption failed: Invalid padding bytes.
2026-04-28 20:44:11 WARNING [root:88] Decryption failed: Invalid padding bytes.
2026-04-28 20:44:14 WARNING [root:88] Decryption failed: Invalid padding bytes.
2026-04-28 20:44:17 WARNING [root:88] Decryption failed: Invalid padding bytes.
2026-04-28 20:53:40 INFO [__main__:173] Blockchain initialized
2026-04-28 20:53:41 INFO [__main__:173] Blockchain initialized
2026-04-28 20:53:41 WARNING [werkzeug:187]  * Debugger is active!
2026-04-28 20:53:46 ERROR [__main__:553] Create wallet error: 'SECP256R1' object has no attribute 'curve'
2026-04-28 20:53:54 ERROR [__main__:553] Create wallet error: 'SECP256R1' object has no attribute 'curve'
2026-04-28 20:54:19 INFO [__main__:182] Genesis block created
2026-04-28 20:54:19 INFO [__main__:173] Blockchain initialized
2026-04-28 20:54:19 INFO [__main__:173] Blockchain initialized
2026-04-28 20:54:19 WARNING [werkzeug:187]  * Debugger is active!
2026-04-28 20:54:24 ERROR [__main__:553] Create wallet error: 'SECP256R1' object has no attribute 'curve'
2026-04-28 20:55:08 INFO [__main__:173] Blockchain initialized
2026-04-28 20:55:08 WARNING [werkzeug:187]  * Debugger is active!
2026-04-28 20:55:45 INFO [__main__:173] Blockchain initialized
2026-04-28 20:55:45 WARNING [werkzeug:187]  * Debugger is active!
2026-04-28 20:56:49 INFO [__main__:182] Genesis block created
2026-04-28 20:56:49 INFO [__main__:173] Blockchain initialized
2026-04-28 20:56:49 INFO [__main__:173] Blockchain initialized
2026-04-28 20:56:49 WARNING [werkzeug:187]  * Debugger is active!
2026-04-28 20:56:55 INFO [__main__:550] Wallet created: 2fdd53e4abfe74b9...
2026-04-28 20:57:02 INFO [__main__:550] Wallet created: 35ee6dfdfef9afd8...
2026-04-28 20:57:17 INFO [__main__:737] Message sent: 2fdd53e4abfe74b9... -> 35ee6dfdfef9afd8...
2026-04-28 20:57:17 WARNING [root:180] Decryption failed: Invalid padding bytes.
2026-04-28 20:57:17 WARNING [root:254] Failed to decrypt session key
2026-04-28 20:57:17 WARNING [root:180] Decryption failed: Invalid padding bytes.
2026-04-28 20:57:17 WARNING [root:254] Failed to decrypt session key
2026-04-28 20:57:20 WARNING [root:180] Decryption failed: Invalid padding bytes.
2026-04-28 20:57:20 WARNING [root:254] Failed to decrypt session key
2026-04-28 20:57:23 WARNING [root:180] Decryption failed: Invalid padding bytes.
2026-04-28 20:57:23 WARNING [root:254] Failed to decrypt session key
2026-04-28 20:57:26 WARNING [root:180] Decryption failed: Invalid padding bytes.
2026-04-28 20:57:26 WARNING [root:254] Failed to decrypt session key
2026-04-28 20:57:30 WARNING [root:180] Decryption failed: Invalid padding bytes.
2026-04-28 20:57:30 WARNING [root:254] Failed to decrypt session key
2026-04-28 20:57:33 WARNING [root:180] Decryption failed: Invalid padding bytes.
2026-04-28 20:57:33 WARNING [root:254] Failed to decrypt session key
2026-04-28 20:57:36 WARNING [root:180] Decryption failed: Invalid padding bytes.
2026-04-28 20:57:36 WARNING [root:254] Failed to decrypt session key
2026-04-28 20:57:39 WARNING [root:180] Decryption failed: Invalid padding bytes.
2026-04-28 20:57:39 WARNING [root:254] Failed to decrypt session key
2026-04-28 20:57:42 WARNING [root:180] Decryption failed: Invalid padding bytes.
2026-04-28 20:57:42 WARNING [root:254] Failed to decrypt session key
2026-04-28 20:57:44 WARNING [root:180] Decryption failed: Invalid padding bytes.
2026-04-28 20:57:44 WARNING [root:254] Failed to decrypt session key
2026-04-28 20:57:47 WARNING [root:180] Decryption failed: Invalid padding bytes.
2026-04-28 20:57:47 WARNING [root:254] Failed to decrypt session key
2026-04-28 20:57:50 WARNING [root:180] Decryption failed: Invalid padding bytes.
2026-04-28 20:57:50 WARNING [root:254] Failed to decrypt session key
2026-04-28 20:57:51 INFO [__main__:737] Message sent: 35ee6dfdfef9afd8... -> 2fdd53e4abfe74b9...
2026-04-28 20:57:51 WARNING [root:180] Decryption failed: Invalid padding bytes.
2026-04-28 20:57:51 WARNING [root:254] Failed to decrypt session key
2026-04-28 20:57:52 WARNING [root:180] Decryption failed: Invalid padding bytes.
2026-04-28 20:57:52 WARNING [root:254] Failed to decrypt session key
2026-04-28 20:57:53 WARNING [root:180] Decryption failed: Invalid padding bytes.
2026-04-28 20:57:53 WARNING [root:254] Failed to decrypt session key
2026-04-28 20:57:56 WARNING [root:180] Decryption failed: Invalid padding bytes.
2026-04-28 20:57:56 WARNING [root:254] Failed to decrypt session key
2026-04-28 20:57:56 WARNING [root:180] Decryption failed: Invalid padding bytes.
2026-04-28 20:57:56 WARNING [root:254] Failed to decrypt session key
2026-04-28 20:57:59 WARNING [root:180] Decryption failed: Invalid padding bytes.
2026-04-28 20:57:59 WARNING [root:254] Failed to decrypt session key
2026-04-28 20:57:59 WARNING [root:180] Decryption failed: Invalid padding bytes.
2026-04-28 20:57:59 WARNING [root:254] Failed to decrypt session key
2026-04-28 20:58:02 WARNING [root:180] Decryption failed: Invalid padding bytes.
2026-04-28 20:58:02 WARNING [root:254] Failed to decrypt session key
2026-04-28 20:58:02 WARNING [root:180] Decryption failed: Invalid padding bytes.
2026-04-28 20:58:02 WARNING [root:254] Failed to decrypt session key
2026-04-28 20:58:05 WARNING [root:180] Decryption failed: Invalid padding bytes.
2026-04-28 20:58:05 WARNING [root:254] Failed to decrypt session key
2026-04-28 20:58:05 WARNING [root:180] Decryption failed: Invalid padding bytes.
2026-04-28 20:58:05 WARNING [root:254] Failed to decrypt session key
2026-04-28 20:58:08 WARNING [root:180] Decryption failed: Invalid padding bytes.
2026-04-28 20:58:08 WARNING [root:254] Failed to decrypt session key
2026-04-28 20:58:10 WARNING [root:180] Decryption failed: Invalid padding bytes.
2026-04-28 20:58:10 WARNING [root:254] Failed to decrypt session key
2026-04-28 21:00:19 INFO [__main__:182] Genesis block created
2026-04-28 21:00:19 INFO [__main__:173] Blockchain initialized
2026-04-28 21:00:19 INFO [__main__:173] Blockchain initialized
2026-04-28 21:00:19 WARNING [werkzeug:187]  * Debugger is active!
2026-04-28 21:00:34 INFO [__main__:182] Genesis block created
2026-04-28 21:00:34 INFO [__main__:173] Blockchain initialized
2026-04-28 21:00:34 INFO [__main__:173] Blockchain initialized
2026-04-28 21:00:34 WARNING [werkzeug:187]  * Debugger is active!
2026-04-28 21:00:43 INFO [__main__:570] Wallet created: 523587d4912ea922...
2026-04-28 21:00:50 INFO [__main__:570] Wallet created: 9dc23fd01d2bcc37...
2026-04-28 21:01:09 INFO [__main__:757] Message sent: 523587d4912ea922... -> 9dc23fd01d2bcc37...
2026-04-28 21:01:19 INFO [__main__:757] Message sent: 9dc23fd01d2bcc37... -> 523587d4912ea922...
2026-04-28 21:01:30 INFO [__main__:757] Message sent: 9dc23fd01d2bcc37... -> 523587d4912ea922...
2026-04-28 21:01:30 WARNING [root:180] Decryption failed: Invalid base64-encoded string: number of data characters (14257) cannot be 1 more than a multiple of 4
2026-04-28 21:01:30 WARNING [root:180] Decryption failed: Invalid base64-encoded string: number of data characters (14257) cannot be 1 more than a multiple of 4
2026-04-28 21:01:33 WARNING [root:180] Decryption failed: Invalid base64-encoded string: number of data characters (14257) cannot be 1 more than a multiple of 4
2026-04-28 21:01:33 WARNING [root:180] Decryption failed: Invalid base64-encoded string: number of data characters (14257) cannot be 1 more than a multiple of 4
2026-04-28 21:01:33 WARNING [root:180] Decryption failed: Invalid base64-encoded string: number of data characters (14257) cannot be 1 more than a multiple of 4
2026-04-28 21:01:33 WARNING [root:180] Decryption failed: Invalid base64-encoded string: number of data characters (14257) cannot be 1 more than a multiple of 4
2026-04-28 21:01:36 WARNING [root:180] Decryption failed: Invalid base64-encoded string: number of data characters (14257) cannot be 1 more than a multiple of 4
2026-04-28 21:01:36 WARNING [root:180] Decryption failed: Invalid base64-encoded string: number of data characters (14257) cannot be 1 more than a multiple of 4
2026-04-28 21:01:36 WARNING [root:180] Decryption failed: Invalid base64-encoded string: number of data characters (14257) cannot be 1 more than a multiple of 4
2026-04-28 21:01:36 WARNING [root:180] Decryption failed: Invalid base64-encoded string: number of data characters (14257) cannot be 1 more than a multiple of 4
2026-04-28 21:01:39 WARNING [root:180] Decryption failed: Invalid base64-encoded string: number of data characters (14257) cannot be 1 more than a multiple of 4
2026-04-28 21:01:39 WARNING [root:180] Decryption failed: Invalid base64-encoded string: number of data characters (14257) cannot be 1 more than a multiple of 4
2026-04-28 21:01:39 WARNING [root:180] Decryption failed: Invalid base64-encoded string: number of data characters (14257) cannot be 1 more than a multiple of 4
2026-04-28 21:01:39 WARNING [root:180] Decryption failed: Invalid base64-encoded string: number of data characters (14257) cannot be 1 more than a multiple of 4
2026-04-28 21:01:42 WARNING [root:180] Decryption failed: Invalid base64-encoded string: number of data characters (14257) cannot be 1 more than a multiple of 4
2026-04-28 21:01:42 WARNING [root:180] Decryption failed: Invalid base64-encoded string: number of data characters (14257) cannot be 1 more than a multiple of 4
2026-04-28 21:01:42 WARNING [root:180] Decryption failed: Invalid base64-encoded string: number of data characters (14257) cannot be 1 more than a multiple of 4
2026-04-28 21:01:42 WARNING [root:180] Decryption failed: Invalid base64-encoded string: number of data characters (14257) cannot be 1 more than a multiple of 4
2026-04-28 21:01:45 WARNING [root:180] Decryption failed: Invalid base64-encoded string: number of data characters (14257) cannot be 1 more than a multiple of 4
2026-04-28 21:01:45 WARNING [root:180] Decryption failed: Invalid base64-encoded string: number of data characters (14257) cannot be 1 more than a multiple of 4
2026-04-28 21:01:45 WARNING [root:180] Decryption failed: Invalid base64-encoded string: number of data characters (14257) cannot be 1 more than a multiple of 4
2026-04-28 21:01:45 WARNING [root:180] Decryption failed: Invalid base64-encoded string: number of data characters (14257) cannot be 1 more than a multiple of 4
2026-04-28 21:01:48 WARNING [root:180] Decryption failed: Invalid base64-encoded string: number of data characters (14257) cannot be 1 more than a multiple of 4
2026-04-28 21:01:48 WARNING [root:180] Decryption failed: Invalid base64-encoded string: number of data characters (14257) cannot be 1 more than a multiple of 4
2026-04-28 21:01:48 WARNING [root:180] Decryption failed: Invalid base64-encoded string: number of data characters (14257) cannot be 1 more than a multiple of 4
2026-04-28 21:01:48 WARNING [root:180] Decryption failed: Invalid base64-encoded string: number of data characters (14257) cannot be 1 more than a multiple of 4
2026-04-28 21:01:51 WARNING [root:180] Decryption failed: Invalid base64-encoded string: number of data characters (14257) cannot be 1 more than a multiple of 4
2026-04-28 21:01:51 WARNING [root:180] Decryption failed: Invalid base64-encoded string: number of data characters (14257) cannot be 1 more than a multiple of 4
2026-04-28 21:01:51 WARNING [root:180] Decryption failed: Invalid base64-encoded string: number of data characters (14257) cannot be 1 more than a multiple of 4
2026-04-28 21:01:51 WARNING [root:180] Decryption failed: Invalid base64-encoded string: number of data characters (14257) cannot be 1 more than a multiple of 4
2026-04-28 21:01:54 WARNING [root:180] Decryption failed: Invalid base64-encoded string: number of data characters (14257) cannot be 1 more than a multiple of 4
2026-04-28 21:01:54 WARNING [root:180] Decryption failed: Invalid base64-encoded string: number of data characters (14257) cannot be 1 more than a multiple of 4
2026-04-28 21:01:54 WARNING [root:180] Decryption failed: Invalid base64-encoded string: number of data characters (14257) cannot be 1 more than a multiple of 4
2026-04-28 21:01:54 WARNING [root:180] Decryption failed: Invalid base64-encoded string: number of data characters (14257) cannot be 1 more than a multiple of 4
2026-04-28 21:01:57 WARNING [root:180] Decryption failed: Invalid base64-encoded string: number of data characters (14257) cannot be 1 more than a multiple of 4
2026-04-28 21:01:57 WARNING [root:180] Decryption failed: Invalid base64-encoded string: number of data characters (14257) cannot be 1 more than a multiple of 4
2026-04-28 21:01:57 WARNING [root:180] Decryption failed: Invalid base64-encoded string: number of data characters (14257) cannot be 1 more than a multiple of 4
2026-04-28 21:01:57 WARNING [root:180] Decryption failed: Invalid base64-encoded string: number of data characters (14257) cannot be 1 more than a multiple of 4
2026-04-28 21:02:00 WARNING [root:180] Decryption failed: Invalid base64-encoded string: number of data characters (14257) cannot be 1 more than a multiple of 4
2026-04-28 21:02:00 WARNING [root:180] Decryption failed: Invalid base64-encoded string: number of data characters (14257) cannot be 1 more than a multiple of 4
2026-04-28 21:02:00 WARNING [root:180] Decryption failed: Invalid base64-encoded string: number of data characters (14257) cannot be 1 more than a multiple of 4
2026-04-28 21:02:00 WARNING [root:180] Decryption failed: Invalid base64-encoded string: number of data characters (14257) cannot be 1 more than a multiple of 4
2026-04-28 21:02:03 WARNING [root:180] Decryption failed: Invalid base64-encoded string: number of data characters (14257) cannot be 1 more than a multiple of 4
2026-04-28 21:02:03 WARNING [root:180] Decryption failed: Invalid base64-encoded string: number of data characters (14257) cannot be 1 more than a multiple of 4
2026-04-28 21:02:03 WARNING [root:180] Decryption failed: Invalid base64-encoded string: number of data characters (14257) cannot be 1 more than a multiple of 4
2026-04-28 21:02:03 WARNING [root:180] Decryption failed: Invalid base64-encoded string: number of data characters (14257) cannot be 1 more than a multiple of 4
2026-04-28 21:02:06 WARNING [root:180] Decryption failed: Invalid base64-encoded string: number of data characters (14257) cannot be 1 more than a multiple of 4
2026-04-28 21:02:06 WARNING [root:180] Decryption failed: Invalid base64-encoded string: number of data characters (14257) cannot be 1 more than a multiple of 4
2026-04-28 21:02:06 WARNING [root:180] Decryption failed: Invalid base64-encoded string: number of data characters (14257) cannot be 1 more than a multiple of 4
2026-04-28 21:02:06 WARNING [root:180] Decryption failed: Invalid base64-encoded string: number of data characters (14257) cannot be 1 more than a multiple of 4
2026-04-28 21:02:09 WARNING [root:180] Decryption failed: Invalid base64-encoded string: number of data characters (14257) cannot be 1 more than a multiple of 4
2026-04-28 21:02:09 WARNING [root:180] Decryption failed: Invalid base64-encoded string: number of data characters (14257) cannot be 1 more than a multiple of 4
2026-04-28 21:02:09 WARNING [root:180] Decryption failed: Invalid base64-encoded string: number of data characters (14257) cannot be 1 more than a multiple of 4
2026-04-28 21:02:09 WARNING [root:180] Decryption failed: Invalid base64-encoded string: number of data characters (14257) cannot be 1 more than a multiple of 4
2026-04-28 21:02:12 WARNING [root:180] Decryption failed: Invalid base64-encoded string: number of data characters (14257) cannot be 1 more than a multiple of 4
2026-04-28 21:02:12 WARNING [root:180] Decryption failed: Invalid base64-encoded string: number of data characters (14257) cannot be 1 more than a multiple of 4
2026-04-28 21:02:15 WARNING [root:180] Decryption failed: Invalid base64-encoded string: number of data characters (14257) cannot be 1 more than a multiple of 4
2026-04-28 21:02:15 WARNING [root:180] Decryption failed: Invalid base64-encoded string: number of data characters (14257) cannot be 1 more than a multiple of 4
2026-04-28 21:05:45 INFO [__main__:182] Genesis block created
2026-04-28 21:05:45 INFO [__main__:173] Blockchain initialized
2026-04-28 21:05:45 INFO [__main__:173] Blockchain initialized
2026-04-28 21:05:45 WARNING [werkzeug:187]  * Debugger is active!
2026-04-28 21:05:48 INFO [__main__:568] Wallet created: fc382bad470b9d0c...
2026-04-28 21:05:51 INFO [__main__:568] Wallet created: 9ca4cbe0b8880327...
2026-04-28 21:06:01 INFO [__main__:754] Message sent: fc382bad470b9d0c... -> 9ca4cbe0b8880327...
2026-04-28 21:06:11 INFO [__main__:754] Message sent: 9ca4cbe0b8880327... -> fc382bad470b9d0c...
2026-04-28 21:20:59 INFO [__main__:173] Blockchain initialized
2026-04-28 21:21:00 INFO [__main__:173] Blockchain initialized
2026-04-28 21:21:00 WARNING [werkzeug:187]  * Debugger is active!
2026-04-28 21:23:48 INFO [__main__:173] Blockchain initialized
2026-04-28 21:23:48 INFO [__main__:173] Blockchain initialized
2026-04-28 21:23:48 WARNING [werkzeug:187]  * Debugger is active!
2026-04-28 21:23:53 INFO [__main__:568] Wallet created: 48f85adb2c929a07...
2026-04-28 21:24:10 INFO [__main__:568] Wallet created: b4f31fa5c9f22207...
2026-04-28 21:26:27 INFO [__main__:173] Blockchain initialized
2026-04-28 21:26:27 INFO [__main__:173] Blockchain initialized
2026-04-28 21:26:27 WARNING [werkzeug:187]  * Debugger is active!
2026-04-28 21:26:32 INFO [__main__:568] Wallet created: f3739868e2ff812f...
2026-04-28 21:26:44 INFO [__main__:568] Wallet created: b6507998e7b10821...
2026-04-28 21:27:18 INFO [__main__:754] Message sent: b6507998e7b10821... -> f3739868e2ff812f...
2026-04-28 21:28:40 INFO [__main__:754] Message sent: f3739868e2ff812f... -> b6507998e7b10821...
2026-04-28 21:36:09 INFO [__main__:173] Blockchain initialized
2026-04-28 21:36:10 INFO [__main__:173] Blockchain initialized
2026-04-28 21:36:10 WARNING [werkzeug:187]  * Debugger is active!
2026-04-28 21:36:13 INFO [__main__:568] Wallet created: 9b2c5aca129a5280...
2026-04-28 21:36:17 INFO [__main__:568] Wallet created: cc81d2cc4ead8f09...
2026-04-28 21:36:35 INFO [__main__:756] Message sent: 9b2c5aca129a5280... -> cc81d2cc4ead8f09...
2026-04-28 21:37:29 INFO [__main__:756] Message sent: 9b2c5aca129a5280... -> cc81d2cc4ead8f09...
2026-04-28 21:37:45 INFO [__main__:756] Message sent: cc81d2cc4ead8f09... -> 9b2c5aca129a5280...
2026-04-28 21:38:20 INFO [__main__:756] Message sent: cc81d2cc4ead8f09... -> 9b2c5aca129a5280...
2026-04-28 21:39:05 INFO [__main__:568] Wallet created: 49f3a26d2b29c881...
2026-04-28 21:40:16 INFO [__main__:173] Blockchain initialized
2026-04-28 21:40:17 INFO [__main__:173] Blockchain initialized
2026-04-28 21:40:17 WARNING [werkzeug:187]  * Debugger is active!
2026-04-28 21:40:20 INFO [__main__:568] Wallet created: ce74482a2e7c35c8...
2026-04-28 21:40:34 INFO [__main__:748] Key exchange sent: ce74482a2e7c35c8... -> e0cd4cf684749a1c...
2026-04-28 21:40:41 INFO [__main__:748] Key exchange sent: ce74482a2e7c35c8... -> e0cd4cf684749a1c...
2026-04-28 21:40:53 INFO [__main__:897] Message #10 deleted by ce74482a2e7c35c8...
2026-04-28 21:40:55 INFO [__main__:897] Message #9 deleted by ce74482a2e7c35c8...
2026-04-28 21:42:25 INFO [__main__:173] Blockchain initialized
2026-04-28 21:42:25 WARNING [werkzeug:187]  * Debugger is active!
2026-04-28 21:42:49 INFO [__main__:173] Blockchain initialized
2026-04-28 21:42:49 WARNING [werkzeug:187]  * Debugger is active!
2026-04-28 21:43:45 INFO [__main__:173] Blockchain initialized
2026-04-28 21:43:45 INFO [__main__:173] Blockchain initialized
2026-04-28 21:43:45 WARNING [werkzeug:187]  * Debugger is active!
2026-04-28 21:43:50 INFO [__main__:571] Wallet created: 8b5dbc53e5ecf1e3...
2026-04-28 21:43:52 INFO [__main__:571] Wallet created: f70662b02cab5976...
2026-04-28 21:44:03 INFO [__main__:759] Message sent: 8b5dbc53e5ecf1e3... -> f70662b02cab5976...
2026-04-28 21:44:10 INFO [__main__:936] add_contact_from_chat: address=8b5dbc53e5ecf1e3..., name=8b5dbc53e5...
2026-04-28 21:44:10 INFO [__main__:946] ✅ Contact 8b5dbc53e5ecf1e3... added from chat
2026-04-28 21:44:21 INFO [__main__:759] Message sent: f70662b02cab5976... -> 8b5dbc53e5ecf1e3...
